#-----------------------------------------------------------
# xsim v2018.2 (64-bit)
# SW Build 2258646 on Thu Jun 14 20:03:12 MDT 2018
# IP Build 2256618 on Thu Jun 14 22:10:49 MDT 2018
# Start of session at: Sun Nov 12 17:32:33 2023
# Process ID: 20648
# Current directory: D:/AA_ProgramFiles/HLS_Project/dot_product/solution1/sim/verilog
# Command line: xsim.exe -mode tcl -source {xsim.dir/hw_dot_product/xsim_script.tcl}
# Log file: D:/AA_ProgramFiles/HLS_Project/dot_product/solution1/sim/verilog/xsim.log
# Journal file: D:/AA_ProgramFiles/HLS_Project/dot_product/solution1/sim/verilog\xsim.jou
#-----------------------------------------------------------
source xsim.dir/hw_dot_product/xsim_script.tcl
# xsim {hw_dot_product} -autoloadwcfg -tclbatch {hw_dot_product.tcl}
Vivado Simulator 2018.2
Time resolution is 1 ps
source hw_dot_product.tcl
## run all
////////////////////////////////////////////////////////////////////////////////////
// Inter-Transaction Progress: Completed Transaction / Total Transaction
// Intra-Transaction Progress: Measured Latency / Latency Estimation * 100%
//
// RTL Simulation : "Inter-Transaction Progress" ["Intra-Transaction Progress"] @ "Simulation Time"
////////////////////////////////////////////////////////////////////////////////////
// RTL Simulation : 0 / 1 [0.00%] @ "125000"
// RTL Simulation : 1 / 1 [100.00%] @ "225000"
////////////////////////////////////////////////////////////////////////////////////
$finish called at time : 265 ns : File "D:/AA_ProgramFiles/HLS_Project/dot_product/solution1/sim/verilog/hw_dot_product.autotb.v" Line 344
## quit
INFO: [Common 17-206] Exiting xsim at Sun Nov 12 17:32:41 2023...
